-------------------------------------------------------------------------------
Test set: com.order.message.StreamSenderTest
-------------------------------------------------------------------------------
Tests run: 1, Failures: 0, Errors: 1, Skipped: 0, Time elapsed: 7 sec <<< FAILURE! - in com.order.message.StreamSenderTest
send(com.order.message.StreamSenderTest)  Time elapsed: 0 sec  <<< ERROR!
java.lang.IllegalStateException: Failed to load ApplicationContext
Caused by: org.springframework.beans.factory.BeanDefinitionStoreException: Failed to parse configuration class [com.order.OrderApplication]; nested exception is org.springframework.context.annotation.ConflictingBeanDefinitionException: Annotation-specified bean name 'mqReceiver' for bean class [com.order.message.MqReceiver] conflicts with existing, non-compatible bean definition of same name and class [com.order.message.amqp.MqReceiver]
Caused by: org.springframework.context.annotation.ConflictingBeanDefinitionException: Annotation-specified bean name 'mqReceiver' for bean class [com.order.message.MqReceiver] conflicts with existing, non-compatible bean definition of same name and class [com.order.message.amqp.MqReceiver]

